c:\users\shahr79\onedrive - mcmaster university\winter 2024\1pr3\final project\oop-final-project---calculator\calculator\x64\debug\vc143.pdb
c:\users\shahr79\onedrive - mcmaster university\winter 2024\1pr3\final project\oop-final-project---calculator\calculator\x64\debug\vc143.idb
c:\users\shahr79\onedrive - mcmaster university\winter 2024\1pr3\final project\oop-final-project---calculator\calculator\x64\debug\calculator.nativecodeanalysis.sarif
c:\users\shahr79\onedrive - mcmaster university\winter 2024\1pr3\final project\oop-final-project---calculator\calculator\x64\debug\calculator.nativecodeanalysis.xml
c:\users\shahr79\onedrive - mcmaster university\winter 2024\1pr3\final project\oop-final-project---calculator\calculator\x64\debug\division.nativecodeanalysis.sarif
c:\users\shahr79\onedrive - mcmaster university\winter 2024\1pr3\final project\oop-final-project---calculator\calculator\x64\debug\division.nativecodeanalysis.xml
c:\users\shahr79\onedrive - mcmaster university\winter 2024\1pr3\final project\oop-final-project---calculator\calculator\x64\debug\multiplication.nativecodeanalysis.sarif
c:\users\shahr79\onedrive - mcmaster university\winter 2024\1pr3\final project\oop-final-project---calculator\calculator\x64\debug\multiplication.nativecodeanalysis.xml
c:\users\shahr79\onedrive - mcmaster university\winter 2024\1pr3\final project\oop-final-project---calculator\calculator\x64\debug\naturallog.nativecodeanalysis.sarif
c:\users\shahr79\onedrive - mcmaster university\winter 2024\1pr3\final project\oop-final-project---calculator\calculator\x64\debug\naturallog.nativecodeanalysis.xml
c:\users\shahr79\onedrive - mcmaster university\winter 2024\1pr3\final project\oop-final-project---calculator\calculator\x64\debug\numbers.nativecodeanalysis.sarif
c:\users\shahr79\onedrive - mcmaster university\winter 2024\1pr3\final project\oop-final-project---calculator\calculator\x64\debug\numbers.nativecodeanalysis.xml
c:\users\shahr79\onedrive - mcmaster university\winter 2024\1pr3\final project\oop-final-project---calculator\calculator\x64\debug\numbers.obj
c:\users\shahr79\onedrive - mcmaster university\winter 2024\1pr3\final project\oop-final-project---calculator\calculator\x64\debug\naturallog.obj
c:\users\shahr79\onedrive - mcmaster university\winter 2024\1pr3\final project\oop-final-project---calculator\calculator\x64\debug\multiplication.obj
c:\users\shahr79\onedrive - mcmaster university\winter 2024\1pr3\final project\oop-final-project---calculator\calculator\x64\debug\division.obj
c:\users\shahr79\onedrive - mcmaster university\winter 2024\1pr3\final project\oop-final-project---calculator\calculator\x64\debug\calculator.obj
c:\users\shahr79\onedrive - mcmaster university\winter 2024\1pr3\final project\oop-final-project---calculator\calculator\x64\debug\menu.obj
c:\users\shahr79\onedrive - mcmaster university\winter 2024\1pr3\final project\oop-final-project---calculator\calculator\x64\debug\cotangent.obj
c:\users\shahr79\onedrive - mcmaster university\winter 2024\1pr3\final project\oop-final-project---calculator\calculator\x64\debug\quadraticequation.obj
c:\users\shahr79\onedrive - mcmaster university\winter 2024\1pr3\final project\oop-final-project---calculator\calculator\x64\debug\graph.obj
c:\users\shahr79\onedrive - mcmaster university\winter 2024\1pr3\final project\oop-final-project---calculator\calculator\x64\debug\imaginerynumbers.obj
c:\users\shahr79\onedrive - mcmaster university\winter 2024\1pr3\final project\oop-final-project---calculator\calculator\x64\debug\cosecant.obj
c:\users\shahr79\onedrive - mcmaster university\winter 2024\1pr3\final project\oop-final-project---calculator\calculator\x64\debug\sine.obj
c:\users\shahr79\onedrive - mcmaster university\winter 2024\1pr3\final project\oop-final-project---calculator\calculator\x64\debug\logarithmic.obj
c:\users\shahr79\onedrive - mcmaster university\winter 2024\1pr3\final project\oop-final-project---calculator\calculator\x64\debug\addition.obj
c:\users\shahr79\onedrive - mcmaster university\winter 2024\1pr3\final project\oop-final-project---calculator\calculator\x64\debug\secant.obj
c:\users\shahr79\onedrive - mcmaster university\winter 2024\1pr3\final project\oop-final-project---calculator\calculator\x64\debug\tangent.obj
c:\users\shahr79\onedrive - mcmaster university\winter 2024\1pr3\final project\oop-final-project---calculator\calculator\x64\debug\subtraction.obj
c:\users\shahr79\onedrive - mcmaster university\winter 2024\1pr3\final project\oop-final-project---calculator\calculator\x64\debug\cosine.obj
c:\users\shahr79\onedrive - mcmaster university\winter 2024\1pr3\final project\oop-final-project---calculator\calculator\x64\debug\game1.obj
c:\users\shahr79\onedrive - mcmaster university\winter 2024\1pr3\final project\oop-final-project---calculator\calculator\x64\debug\secretnumberguess.obj
c:\users\shahr79\onedrive - mcmaster university\winter 2024\1pr3\final project\oop-final-project---calculator\calculator\x64\debug\calculator.exe
c:\users\shahr79\onedrive - mcmaster university\winter 2024\1pr3\final project\oop-final-project---calculator\calculator\x64\debug\calculator.ilk
c:\users\shahr79\onedrive - mcmaster university\winter 2024\1pr3\final project\oop-final-project---calculator\calculator\x64\debug\calculator.pdb
c:\users\shahr79\onedrive - mcmaster university\winter 2024\1pr3\final project\oop-final-project---calculator\calculator\x64\debug\calculator.tlog\cl.command.1.tlog
c:\users\shahr79\onedrive - mcmaster university\winter 2024\1pr3\final project\oop-final-project---calculator\calculator\x64\debug\calculator.tlog\cl.items.tlog
c:\users\shahr79\onedrive - mcmaster university\winter 2024\1pr3\final project\oop-final-project---calculator\calculator\x64\debug\calculator.tlog\cl.read.1.tlog
c:\users\shahr79\onedrive - mcmaster university\winter 2024\1pr3\final project\oop-final-project---calculator\calculator\x64\debug\calculator.tlog\cl.write.1.tlog
c:\users\shahr79\onedrive - mcmaster university\winter 2024\1pr3\final project\oop-final-project---calculator\calculator\x64\debug\calculator.tlog\link.command.1.tlog
c:\users\shahr79\onedrive - mcmaster university\winter 2024\1pr3\final project\oop-final-project---calculator\calculator\x64\debug\calculator.tlog\link.read.1.tlog
c:\users\shahr79\onedrive - mcmaster university\winter 2024\1pr3\final project\oop-final-project---calculator\calculator\x64\debug\calculator.tlog\link.write.1.tlog
